2024-10-03 11:46:52,424 - INFO - [31m[1mWARNING: This is a development server. Do not use it in a production deployment. Use a production WSGI server instead.[0m
 * Running on http://127.0.0.1:5000
2024-10-03 11:46:52,425 - INFO - [33mPress CTRL+C to quit[0m
2024-10-03 11:46:52,432 - INFO -  * Restarting with stat
2024-10-03 11:46:53,686 - WARNING -  * Debugger is active!
2024-10-03 11:46:53,691 - INFO -  * Debugger PIN: 458-894-166
2024-10-03 11:47:39,821 - INFO - [31m[1mWARNING: This is a development server. Do not use it in a production deployment. Use a production WSGI server instead.[0m
 * Running on http://127.0.0.1:5000
2024-10-03 11:47:39,821 - INFO - [33mPress CTRL+C to quit[0m
2024-10-03 11:47:39,822 - INFO -  * Restarting with stat
2024-10-03 11:47:41,084 - WARNING -  * Debugger is active!
2024-10-03 11:47:41,092 - INFO -  * Debugger PIN: 458-894-166
2024-10-03 11:48:47,192 - INFO - [31m[1mWARNING: This is a development server. Do not use it in a production deployment. Use a production WSGI server instead.[0m
 * Running on http://127.0.0.1:5000
2024-10-03 11:48:47,192 - INFO - [33mPress CTRL+C to quit[0m
2024-10-03 11:48:47,194 - INFO -  * Restarting with stat
2024-10-03 11:48:48,396 - WARNING -  * Debugger is active!
2024-10-03 11:48:48,404 - INFO -  * Debugger PIN: 458-894-166
2024-10-03 11:49:45,234 - INFO - [31m[1mWARNING: This is a development server. Do not use it in a production deployment. Use a production WSGI server instead.[0m
 * Running on http://127.0.0.1:5000
2024-10-03 11:49:45,234 - INFO - [33mPress CTRL+C to quit[0m
2024-10-03 11:49:45,235 - INFO -  * Restarting with stat
2024-10-03 11:49:46,588 - WARNING -  * Debugger is active!
2024-10-03 11:49:46,593 - INFO -  * Debugger PIN: 458-894-166
2024-10-03 11:51:07,013 - INFO - [31m[1mWARNING: This is a development server. Do not use it in a production deployment. Use a production WSGI server instead.[0m
 * Running on http://127.0.0.1:5000
2024-10-03 11:51:07,014 - INFO - [33mPress CTRL+C to quit[0m
2024-10-03 11:51:07,019 - INFO -  * Restarting with stat
2024-10-03 11:51:12,173 - WARNING -  * Debugger is active!
2024-10-03 11:51:12,185 - INFO -  * Debugger PIN: 458-894-166
2024-10-03 13:50:19,048 - INFO - [31m[1mWARNING: This is a development server. Do not use it in a production deployment. Use a production WSGI server instead.[0m
 * Running on http://127.0.0.1:5000
2024-10-03 13:50:19,050 - INFO - [33mPress CTRL+C to quit[0m
2024-10-03 13:50:19,052 - INFO -  * Restarting with stat
2024-10-03 13:50:20,391 - WARNING -  * Debugger is active!
2024-10-03 13:50:20,403 - INFO -  * Debugger PIN: 458-894-166
2024-10-03 13:51:07,740 - INFO -  * Detected change in 'c:\\Users\\hshar\\Finvex\\app.py', reloading
2024-10-03 13:51:07,893 - INFO -  * Restarting with stat
2024-10-03 13:56:01,660 - WARNING -  * Debugger is active!
2024-10-03 13:56:01,667 - INFO -  * Debugger PIN: 458-894-166
2024-10-03 13:56:08,486 - INFO - [31m[1mWARNING: This is a development server. Do not use it in a production deployment. Use a production WSGI server instead.[0m
 * Running on http://127.0.0.1:5000
2024-10-03 13:56:08,487 - INFO - [33mPress CTRL+C to quit[0m
2024-10-03 13:56:08,488 - INFO -  * Restarting with stat
2024-10-03 13:56:09,351 - WARNING -  * Debugger is active!
2024-10-03 13:56:09,358 - INFO -  * Debugger PIN: 458-894-166
2024-10-03 14:00:46,160 - INFO -  * Detected change in 'c:\\Users\\hshar\\Finvex\\app.py', reloading
2024-10-03 14:00:46,250 - INFO -  * Restarting with stat
